<?xml version="1.0" encoding="UTF-8"?>
<!-- Generated by org.testng.reporters.JUnitXMLReporter -->
<testsuite ignored="0" hostname="Rohit" failures="0" tests="3" name="Test-2" time="40.92" errors="0" timestamp="2025-08-26T17:57:55 IST">
  <testcase classname="com.comcast.crm.orgtest.CreateNewOrganistionTest" name="CreateNewOrgTest" time="9.357"/>
  <testcase classname="com.comcast.crm.orgtest.CreateNewOrganistionTest" name="CreateNewOrgWithPhoneNumberTest" time="6.597"/>
  <testcase classname="com.comcast.crm.orgtest.CreateNewOrganistionTest" name="CreateOrgWithIndustrytypeTest" time="5.633"/>
</testsuite> <!-- Test-2 -->
