<?xml version="1.0" encoding="UTF-8"?>
<!-- Generated by org.testng.reporters.JUnitXMLReporter -->
<testsuite ignored="0" hostname="Rohit" failures="0" tests="3" name="Test-1" time="47.381" errors="0" timestamp="2025-08-26T17:58:02 IST">
  <testcase classname="com.comcast.crm.contacttest.CreateNewContactTest" name="CreateContactTest" time="9.177"/>
  <testcase classname="com.comcast.crm.contacttest.CreateNewContactTest" name="CreateContactWithOrgnasationTest" time="14.7"/>
  <testcase classname="com.comcast.crm.contacttest.CreateNewContactTest" name="CreateContactWithSupportDateTest" time="6.205"/>
</testsuite> <!-- Test-1 -->
