<?xml version="1.0" encoding="UTF-8"?>
<!-- Generated by org.testng.reporters.JUnitReportReporter -->
<testsuite hostname="Rohit" failures="0" tests="3" name="com.comcast.crm.contacttest.CreateNewContactTest" time="38.685" errors="0" timestamp="2025-08-28T15:04:22 IST" skipped="0">
  <testcase classname="com.comcast.crm.contacttest.CreateNewContactTest" name="CreateContactWithOrgnasationTest" time="18.471"/>
  <testcase classname="com.comcast.crm.contacttest.CreateNewContactTest" name="CreateContactTest" time="11.683"/>
  <testcase classname="com.comcast.crm.contacttest.CreateNewContactTest" name="CreateContactWithSupportDateTest" time="8.531"/>
</testsuite> <!-- com.comcast.crm.contacttest.CreateNewContactTest -->
