<?xml version="1.0" encoding="UTF-8"?>
<!-- Generated by org.testng.reporters.JUnitReportReporter -->
<testsuite hostname="Rohit" failures="0" tests="1" name="com.comcast.crm.basetest.BaseClass" time="0.009" errors="0" timestamp="2025-08-25T12:41:05 IST" skipped="0">
  <testcase classname="com.comcast.crm.basetest.BaseClass" name="ConfigBS" time="0.009"/>
</testsuite> <!-- com.comcast.crm.basetest.BaseClass -->
