<?xml version="1.0" encoding="UTF-8"?>
<!-- Generated by org.testng.reporters.JUnitReportReporter -->
<testsuite hostname="Rohit" failures="0" tests="3" name="com.comcast.crm.orgtest.CreateNewOrganistionTest" time="40.352" errors="0" timestamp="2025-09-05T23:46:24 IST" skipped="0">
  <testcase classname="com.comcast.crm.orgtest.CreateNewOrganistionTest" name="CreateNewOrgTest" time="24.437"/>
  <testcase classname="com.comcast.crm.orgtest.CreateNewOrganistionTest" name="CreateOrgWithIndustrytypeTest" time="8.057"/>
  <testcase classname="com.comcast.crm.orgtest.CreateNewOrganistionTest" name="CreateNewOrgWithPhoneNumberTest" time="7.858"/>
</testsuite> <!-- com.comcast.crm.orgtest.CreateNewOrganistionTest -->
