<?xml version="1.0" encoding="UTF-8"?>
<!-- Generated by org.testng.reporters.JUnitReportReporter -->
<testsuite hostname="Rohit" failures="0" tests="1" name="com.comcast.crm.orgtest.CreateOrgWithIndustryTypeTest" time="17.369" errors="0" timestamp="2025-08-25T15:38:09 IST" skipped="0">
  <testcase classname="com.comcast.crm.orgtest.CreateOrgWithIndustryTypeTest" name="CreateOrgWithIndustrytypeTest" time="17.369"/>
</testsuite> <!-- com.comcast.crm.orgtest.CreateOrgWithIndustryTypeTest -->
