<?xml version="1.0" encoding="UTF-8"?>
<!-- Generated by org.testng.reporters.JUnitReportReporter -->
<testsuite hostname="Rohit" failures="0" tests="1" name="com.comcast.crm.orgtest.DeleteOrg" time="16.143" errors="0" timestamp="2025-08-25T15:43:22 IST" skipped="0">
  <testcase classname="com.comcast.crm.orgtest.DeleteOrg" name="Deleteorg" time="16.143"/>
</testsuite> <!-- com.comcast.crm.orgtest.DeleteOrg -->
