<?xml version="1.0" encoding="UTF-8"?>
<!-- Generated by org.testng.reporters.JUnitReportReporter -->
<testsuite hostname="Rohit" failures="0" tests="1" name="com.comcast.crm.contacttest.CreateContactWithOrgnaisationTest" time="18.804" errors="0" timestamp="2025-08-26T10:35:52 IST" skipped="0">
  <testcase classname="com.comcast.crm.contacttest.CreateContactWithOrgnaisationTest" name="CreateContactWithOrgTest" time="18.804"/>
</testsuite> <!-- com.comcast.crm.contacttest.CreateContactWithOrgnaisationTest -->
