<?xml version="1.0" encoding="UTF-8"?>
<!-- Generated by org.testng.reporters.JUnitReportReporter -->
<testsuite hostname="Rohit" failures="0" tests="1" name="com.comcast.crm.orgtest.CreateNewOrganisationWithPhoneNumberTest" time="13.660" errors="0" timestamp="2025-08-25T15:36:26 IST" skipped="0">
  <testcase classname="com.comcast.crm.orgtest.CreateNewOrganisationWithPhoneNumberTest" name="CreateNewOrgWithPhoneNumberTest" time="13.660"/>
</testsuite> <!-- com.comcast.crm.orgtest.CreateNewOrganisationWithPhoneNumberTest -->
